  ConsoleApplication8.cpp
C:\Users\aleks\source\repos\ConsoleApplication8\ConsoleApplication8.cpp(34,25): warning C4566: символ, представленный универсальным именем символа "\u015B", невозможно представить в текущей кодовой странице (1251)
C:\Users\aleks\source\repos\ConsoleApplication8\ConsoleApplication8.cpp(38,17): warning C4566: символ, представленный универсальным именем символа "\u00F3", невозможно представить в текущей кодовой странице (1251)
C:\Users\aleks\source\repos\ConsoleApplication8\ConsoleApplication8.cpp(100,24): warning C4566: символ, представленный универсальным именем символа "\u00F3", невозможно представить в текущей кодовой странице (1251)
C:\Users\aleks\source\repos\ConsoleApplication8\ConsoleApplication8.cpp(113,21): warning C4566: символ, представленный универсальным именем символа "\u0142", невозможно представить в текущей кодовой странице (1251)
C:\Users\aleks\source\repos\ConsoleApplication8\ConsoleApplication8.cpp(135,25): warning C4566: символ, представленный универсальным именем символа "\u0142", невозможно представить в текущей кодовой странице (1251)
C:\Users\aleks\source\repos\ConsoleApplication8\ConsoleApplication8.cpp(176,17): warning C4566: символ, представленный универсальным именем символа "\u00F3", невозможно представить в текущей кодовой странице (1251)
C:\Users\aleks\source\repos\ConsoleApplication8\ConsoleApplication8.cpp(177,17): warning C4566: символ, представленный универсальным именем символа "\u0142", невозможно представить в текущей кодовой странице (1251)
C:\Users\aleks\source\repos\ConsoleApplication8\ConsoleApplication8.cpp(179,17): warning C4566: символ, представленный универсальным именем символа "\u015B", невозможно представить в текущей кодовой странице (1251)
C:\Users\aleks\source\repos\ConsoleApplication8\ConsoleApplication8.cpp(179,17): warning C4566: символ, представленный универсальным именем символа "\u0107", невозможно представить в текущей кодовой странице (1251)
C:\Users\aleks\source\repos\ConsoleApplication8\ConsoleApplication8.cpp(184,17): warning C4566: символ, представленный универсальным именем символа "\u00F3", невозможно представить в текущей кодовой странице (1251)
C:\Users\aleks\source\repos\ConsoleApplication8\ConsoleApplication8.cpp(185,17): warning C4566: символ, представленный универсальным именем символа "\u0142", невозможно представить в текущей кодовой странице (1251)
C:\Users\aleks\source\repos\ConsoleApplication8\ConsoleApplication8.cpp(187,17): warning C4566: символ, представленный универсальным именем символа "\u015B", невозможно представить в текущей кодовой странице (1251)
C:\Users\aleks\source\repos\ConsoleApplication8\ConsoleApplication8.cpp(187,17): warning C4566: символ, представленный универсальным именем символа "\u0107", невозможно представить в текущей кодовой странице (1251)
C:\Users\aleks\source\repos\ConsoleApplication8\ConsoleApplication8.cpp(192,17): warning C4566: символ, представленный универсальным именем символа "\u00F3", невозможно представить в текущей кодовой странице (1251)
C:\Users\aleks\source\repos\ConsoleApplication8\ConsoleApplication8.cpp(193,17): warning C4566: символ, представленный универсальным именем символа "\u0142", невозможно представить в текущей кодовой странице (1251)
C:\Users\aleks\source\repos\ConsoleApplication8\ConsoleApplication8.cpp(195,17): warning C4566: символ, представленный универсальным именем символа "\u015B", невозможно представить в текущей кодовой странице (1251)
C:\Users\aleks\source\repos\ConsoleApplication8\ConsoleApplication8.cpp(195,17): warning C4566: символ, представленный универсальным именем символа "\u0107", невозможно представить в текущей кодовой странице (1251)
C:\Users\aleks\source\repos\ConsoleApplication8\ConsoleApplication8.cpp(202,17): warning C4566: символ, представленный универсальным именем символа "\u00F3", невозможно представить в текущей кодовой странице (1251)
C:\Users\aleks\source\repos\ConsoleApplication8\ConsoleApplication8.cpp(203,17): warning C4566: символ, представленный универсальным именем символа "\u0142", невозможно представить в текущей кодовой странице (1251)
C:\Users\aleks\source\repos\ConsoleApplication8\ConsoleApplication8.cpp(205,17): warning C4566: символ, представленный универсальным именем символа "\u015B", невозможно представить в текущей кодовой странице (1251)
C:\Users\aleks\source\repos\ConsoleApplication8\ConsoleApplication8.cpp(205,17): warning C4566: символ, представленный универсальным именем символа "\u0107", невозможно представить в текущей кодовой странице (1251)
C:\Users\aleks\source\repos\ConsoleApplication8\ConsoleApplication8.cpp(210,17): warning C4566: символ, представленный универсальным именем символа "\u00F3", невозможно представить в текущей кодовой странице (1251)
C:\Users\aleks\source\repos\ConsoleApplication8\ConsoleApplication8.cpp(211,17): warning C4566: символ, представленный универсальным именем символа "\u0142", невозможно представить в текущей кодовой странице (1251)
C:\Users\aleks\source\repos\ConsoleApplication8\ConsoleApplication8.cpp(213,17): warning C4566: символ, представленный универсальным именем символа "\u015B", невозможно представить в текущей кодовой странице (1251)
C:\Users\aleks\source\repos\ConsoleApplication8\ConsoleApplication8.cpp(213,17): warning C4566: символ, представленный универсальным именем символа "\u0107", невозможно представить в текущей кодовой странице (1251)
C:\Users\aleks\source\repos\ConsoleApplication8\ConsoleApplication8.cpp(218,17): warning C4566: символ, представленный универсальным именем символа "\u00F3", невозможно представить в текущей кодовой странице (1251)
C:\Users\aleks\source\repos\ConsoleApplication8\ConsoleApplication8.cpp(219,17): warning C4566: символ, представленный универсальным именем символа "\u0142", невозможно представить в текущей кодовой странице (1251)
C:\Users\aleks\source\repos\ConsoleApplication8\ConsoleApplication8.cpp(221,17): warning C4566: символ, представленный универсальным именем символа "\u015B", невозможно представить в текущей кодовой странице (1251)
C:\Users\aleks\source\repos\ConsoleApplication8\ConsoleApplication8.cpp(221,17): warning C4566: символ, представленный универсальным именем символа "\u0107", невозможно представить в текущей кодовой странице (1251)
C:\Users\aleks\source\repos\ConsoleApplication8\ConsoleApplication8.cpp(228,17): warning C4566: символ, представленный универсальным именем символа "\u00F3", невозможно представить в текущей кодовой странице (1251)
C:\Users\aleks\source\repos\ConsoleApplication8\ConsoleApplication8.cpp(229,17): warning C4566: символ, представленный универсальным именем символа "\u0142", невозможно представить в текущей кодовой странице (1251)
C:\Users\aleks\source\repos\ConsoleApplication8\ConsoleApplication8.cpp(231,17): warning C4566: символ, представленный универсальным именем символа "\u015B", невозможно представить в текущей кодовой странице (1251)
C:\Users\aleks\source\repos\ConsoleApplication8\ConsoleApplication8.cpp(231,17): warning C4566: символ, представленный универсальным именем символа "\u0107", невозможно представить в текущей кодовой странице (1251)
C:\Users\aleks\source\repos\ConsoleApplication8\ConsoleApplication8.cpp(231,17): warning C4566: символ, представленный универсальным именем символа "\u0142", невозможно представить в текущей кодовой странице (1251)
C:\Users\aleks\source\repos\ConsoleApplication8\ConsoleApplication8.cpp(236,17): warning C4566: символ, представленный универсальным именем символа "\u00F3", невозможно представить в текущей кодовой странице (1251)
C:\Users\aleks\source\repos\ConsoleApplication8\ConsoleApplication8.cpp(237,17): warning C4566: символ, представленный универсальным именем символа "\u0142", невозможно представить в текущей кодовой странице (1251)
C:\Users\aleks\source\repos\ConsoleApplication8\ConsoleApplication8.cpp(239,17): warning C4566: символ, представленный универсальным именем символа "\u015B", невозможно представить в текущей кодовой странице (1251)
C:\Users\aleks\source\repos\ConsoleApplication8\ConsoleApplication8.cpp(239,17): warning C4566: символ, представленный универсальным именем символа "\u0107", невозможно представить в текущей кодовой странице (1251)
C:\Users\aleks\source\repos\ConsoleApplication8\ConsoleApplication8.cpp(244,17): warning C4566: символ, представленный универсальным именем символа "\u00F3", невозможно представить в текущей кодовой странице (1251)
C:\Users\aleks\source\repos\ConsoleApplication8\ConsoleApplication8.cpp(245,17): warning C4566: символ, представленный универсальным именем символа "\u0142", невозможно представить в текущей кодовой странице (1251)
C:\Users\aleks\source\repos\ConsoleApplication8\ConsoleApplication8.cpp(247,17): warning C4566: символ, представленный универсальным именем символа "\u015B", невозможно представить в текущей кодовой странице (1251)
C:\Users\aleks\source\repos\ConsoleApplication8\ConsoleApplication8.cpp(247,17): warning C4566: символ, представленный универсальным именем символа "\u0107", невозможно представить в текущей кодовой странице (1251)
C:\Users\aleks\source\repos\ConsoleApplication8\ConsoleApplication8.cpp(254,17): warning C4566: символ, представленный универсальным именем символа "\u00F3", невозможно представить в текущей кодовой странице (1251)
C:\Users\aleks\source\repos\ConsoleApplication8\ConsoleApplication8.cpp(255,17): warning C4566: символ, представленный универсальным именем символа "\u0142", невозможно представить в текущей кодовой странице (1251)
C:\Users\aleks\source\repos\ConsoleApplication8\ConsoleApplication8.cpp(257,17): warning C4566: символ, представленный универсальным именем символа "\u015B", невозможно представить в текущей кодовой странице (1251)
C:\Users\aleks\source\repos\ConsoleApplication8\ConsoleApplication8.cpp(257,17): warning C4566: символ, представленный универсальным именем символа "\u0107", невозможно представить в текущей кодовой странице (1251)
C:\Users\aleks\source\repos\ConsoleApplication8\ConsoleApplication8.cpp(262,17): warning C4566: символ, представленный универсальным именем символа "\u00F3", невозможно представить в текущей кодовой странице (1251)
C:\Users\aleks\source\repos\ConsoleApplication8\ConsoleApplication8.cpp(263,17): warning C4566: символ, представленный универсальным именем символа "\u0142", невозможно представить в текущей кодовой странице (1251)
C:\Users\aleks\source\repos\ConsoleApplication8\ConsoleApplication8.cpp(265,17): warning C4566: символ, представленный универсальным именем символа "\u015B", невозможно представить в текущей кодовой странице (1251)
C:\Users\aleks\source\repos\ConsoleApplication8\ConsoleApplication8.cpp(265,17): warning C4566: символ, представленный универсальным именем символа "\u0107", невозможно представить в текущей кодовой странице (1251)
C:\Users\aleks\source\repos\ConsoleApplication8\ConsoleApplication8.cpp(270,17): warning C4566: символ, представленный универсальным именем символа "\u00F3", невозможно представить в текущей кодовой странице (1251)
C:\Users\aleks\source\repos\ConsoleApplication8\ConsoleApplication8.cpp(271,17): warning C4566: символ, представленный универсальным именем символа "\u0142", невозможно представить в текущей кодовой странице (1251)
C:\Users\aleks\source\repos\ConsoleApplication8\ConsoleApplication8.cpp(273,17): warning C4566: символ, представленный универсальным именем символа "\u015B", невозможно представить в текущей кодовой странице (1251)
C:\Users\aleks\source\repos\ConsoleApplication8\ConsoleApplication8.cpp(273,17): warning C4566: символ, представленный универсальным именем символа "\u0107", невозможно представить в текущей кодовой странице (1251)
C:\Users\aleks\source\repos\ConsoleApplication8\ConsoleApplication8.cpp(280,17): warning C4566: символ, представленный универсальным именем символа "\u00F3", невозможно представить в текущей кодовой странице (1251)
C:\Users\aleks\source\repos\ConsoleApplication8\ConsoleApplication8.cpp(281,17): warning C4566: символ, представленный универсальным именем символа "\u0142", невозможно представить в текущей кодовой странице (1251)
C:\Users\aleks\source\repos\ConsoleApplication8\ConsoleApplication8.cpp(283,17): warning C4566: символ, представленный универсальным именем символа "\u015B", невозможно представить в текущей кодовой странице (1251)
C:\Users\aleks\source\repos\ConsoleApplication8\ConsoleApplication8.cpp(283,17): warning C4566: символ, представленный универсальным именем символа "\u0107", невозможно представить в текущей кодовой странице (1251)
C:\Users\aleks\source\repos\ConsoleApplication8\ConsoleApplication8.cpp(288,17): warning C4566: символ, представленный универсальным именем символа "\u00F3", невозможно представить в текущей кодовой странице (1251)
C:\Users\aleks\source\repos\ConsoleApplication8\ConsoleApplication8.cpp(289,17): warning C4566: символ, представленный универсальным именем символа "\u0142", невозможно представить в текущей кодовой странице (1251)
C:\Users\aleks\source\repos\ConsoleApplication8\ConsoleApplication8.cpp(291,17): warning C4566: символ, представленный универсальным именем символа "\u015B", невозможно представить в текущей кодовой странице (1251)
C:\Users\aleks\source\repos\ConsoleApplication8\ConsoleApplication8.cpp(291,17): warning C4566: символ, представленный универсальным именем символа "\u0107", невозможно представить в текущей кодовой странице (1251)
C:\Users\aleks\source\repos\ConsoleApplication8\ConsoleApplication8.cpp(296,17): warning C4566: символ, представленный универсальным именем символа "\u00F3", невозможно представить в текущей кодовой странице (1251)
C:\Users\aleks\source\repos\ConsoleApplication8\ConsoleApplication8.cpp(297,17): warning C4566: символ, представленный универсальным именем символа "\u0142", невозможно представить в текущей кодовой странице (1251)
C:\Users\aleks\source\repos\ConsoleApplication8\ConsoleApplication8.cpp(299,17): warning C4566: символ, представленный универсальным именем символа "\u015B", невозможно представить в текущей кодовой странице (1251)
C:\Users\aleks\source\repos\ConsoleApplication8\ConsoleApplication8.cpp(299,17): warning C4566: символ, представленный универсальным именем символа "\u0107", невозможно представить в текущей кодовой странице (1251)
C:\Users\aleks\source\repos\ConsoleApplication8\ConsoleApplication8.cpp(320,21): warning C4566: символ, представленный универсальным именем символа "\u0119", невозможно представить в текущей кодовой странице (1251)
C:\Users\aleks\source\repos\ConsoleApplication8\ConsoleApplication8.cpp(357,21): warning C4566: символ, представленный универсальным именем символа "\u00F3", невозможно представить в текущей кодовой странице (1251)
  ConsoleApplication8.vcxproj -> C:\Users\aleks\source\repos\ConsoleApplication8\Debug\ConsoleApplication8.exe
